Determining if the include file malloc/malloc.h exists failed with the following output:
Change Dir: /home/ryan/Downloads/llvm-project/build/CMakeFiles/CMakeTmp

Run Build Command(s):/usr/bin/ninja cmTC_baec0 && [1/2] Building C object CMakeFiles/cmTC_baec0.dir/CheckIncludeFile.c.o
FAILED: CMakeFiles/cmTC_baec0.dir/CheckIncludeFile.c.o 
/usr/bin/cc    -o CMakeFiles/cmTC_baec0.dir/CheckIncludeFile.c.o -c /home/ryan/Downloads/llvm-project/build/CMakeFiles/CMakeTmp/CheckIncludeFile.c
/home/ryan/Downloads/llvm-project/build/CMakeFiles/CMakeTmp/CheckIncludeFile.c:1:10: fatal error: malloc/malloc.h: No such file or directory
    1 | #include <malloc/malloc.h>
      |          ^~~~~~~~~~~~~~~~~
compilation terminated.
ninja: build stopped: subcommand failed.



Determining if the include file valgrind/valgrind.h exists failed with the following output:
Change Dir: /home/ryan/Downloads/llvm-project/build/CMakeFiles/CMakeTmp

Run Build Command(s):/usr/bin/ninja cmTC_ae597 && [1/2] Building C object CMakeFiles/cmTC_ae597.dir/CheckIncludeFile.c.o
FAILED: CMakeFiles/cmTC_ae597.dir/CheckIncludeFile.c.o 
/usr/bin/cc    -o CMakeFiles/cmTC_ae597.dir/CheckIncludeFile.c.o -c /home/ryan/Downloads/llvm-project/build/CMakeFiles/CMakeTmp/CheckIncludeFile.c
/home/ryan/Downloads/llvm-project/build/CMakeFiles/CMakeTmp/CheckIncludeFile.c:1:10: fatal error: valgrind/valgrind.h: No such file or directory
    1 | #include <valgrind/valgrind.h>
      |          ^~~~~~~~~~~~~~~~~~~~~
compilation terminated.
ninja: build stopped: subcommand failed.



Determining if the include file mach/mach.h exists failed with the following output:
Change Dir: /home/ryan/Downloads/llvm-project/build/CMakeFiles/CMakeTmp

Run Build Command(s):/usr/bin/ninja cmTC_65c56 && [1/2] Building C object CMakeFiles/cmTC_65c56.dir/CheckIncludeFile.c.o
FAILED: CMakeFiles/cmTC_65c56.dir/CheckIncludeFile.c.o 
/usr/bin/cc    -o CMakeFiles/cmTC_65c56.dir/CheckIncludeFile.c.o -c /home/ryan/Downloads/llvm-project/build/CMakeFiles/CMakeTmp/CheckIncludeFile.c
/home/ryan/Downloads/llvm-project/build/CMakeFiles/CMakeTmp/CheckIncludeFile.c:1:10: fatal error: mach/mach.h: No such file or directory
    1 | #include <mach/mach.h>
      |          ^~~~~~~~~~~~~
compilation terminated.
ninja: build stopped: subcommand failed.



Determining if the include file histedit.h exists failed with the following output:
Change Dir: /home/ryan/Downloads/llvm-project/build/CMakeFiles/CMakeTmp

Run Build Command(s):/usr/bin/ninja cmTC_30e08 && [1/2] Building C object CMakeFiles/cmTC_30e08.dir/CheckIncludeFile.c.o
FAILED: CMakeFiles/cmTC_30e08.dir/CheckIncludeFile.c.o 
/usr/bin/cc    -o CMakeFiles/cmTC_30e08.dir/CheckIncludeFile.c.o -c /home/ryan/Downloads/llvm-project/build/CMakeFiles/CMakeTmp/CheckIncludeFile.c
/home/ryan/Downloads/llvm-project/build/CMakeFiles/CMakeTmp/CheckIncludeFile.c:1:10: fatal error: histedit.h: No such file or directory
    1 | #include <histedit.h>
      |          ^~~~~~~~~~~~
compilation terminated.
ninja: build stopped: subcommand failed.



Determining if the include file CrashReporterClient.h exists failed with the following output:
Change Dir: /home/ryan/Downloads/llvm-project/build/CMakeFiles/CMakeTmp

Run Build Command(s):/usr/bin/ninja cmTC_14351 && [1/2] Building C object CMakeFiles/cmTC_14351.dir/CheckIncludeFile.c.o
FAILED: CMakeFiles/cmTC_14351.dir/CheckIncludeFile.c.o 
/usr/bin/cc    -o CMakeFiles/cmTC_14351.dir/CheckIncludeFile.c.o -c /home/ryan/Downloads/llvm-project/build/CMakeFiles/CMakeTmp/CheckIncludeFile.c
/home/ryan/Downloads/llvm-project/build/CMakeFiles/CMakeTmp/CheckIncludeFile.c:1:10: fatal error: CrashReporterClient.h: No such file or directory
    1 | #include <CrashReporterClient.h>
      |          ^~~~~~~~~~~~~~~~~~~~~~~
compilation terminated.
ninja: build stopped: subcommand failed.



Determining if the function pfm_initialize exists in the pfm failed with the following output:
Change Dir: /home/ryan/Downloads/llvm-project/build/CMakeFiles/CMakeTmp

Run Build Command(s):/usr/bin/ninja cmTC_94864 && [1/2] Building C object CMakeFiles/cmTC_94864.dir/CheckFunctionExists.c.o
[2/2] Linking C executable cmTC_94864
FAILED: cmTC_94864 
: && /usr/bin/cc -DCHECK_FUNCTION_EXISTS=pfm_initialize  CMakeFiles/cmTC_94864.dir/CheckFunctionExists.c.o -o cmTC_94864  -lpfm  -lm && :
/usr/bin/ld: cannot find -lpfm: No such file or directory
collect2: error: ld returned 1 exit status
ninja: build stopped: subcommand failed.



Determining if the function setupterm exists in the terminfo failed with the following output:
Change Dir: /home/ryan/Downloads/llvm-project/build/CMakeFiles/CMakeTmp

Run Build Command(s):/usr/bin/ninja cmTC_c3beb && [1/2] Building C object CMakeFiles/cmTC_c3beb.dir/CheckFunctionExists.c.o
[2/2] Linking C executable cmTC_c3beb
FAILED: cmTC_c3beb 
: && /usr/bin/cc -DCHECK_FUNCTION_EXISTS=setupterm  CMakeFiles/cmTC_c3beb.dir/CheckFunctionExists.c.o -o cmTC_c3beb  -lterminfo  -lm && :
/usr/bin/ld: cannot find -lterminfo: No such file or directory
collect2: error: ld returned 1 exit status
ninja: build stopped: subcommand failed.



Determining if the function xar_open exists in the xar failed with the following output:
Change Dir: /home/ryan/Downloads/llvm-project/build/CMakeFiles/CMakeTmp

Run Build Command(s):/usr/bin/ninja cmTC_cc94c && [1/2] Building C object CMakeFiles/cmTC_cc94c.dir/CheckFunctionExists.c.o
[2/2] Linking C executable cmTC_cc94c
FAILED: cmTC_cc94c 
: && /usr/bin/cc -DCHECK_FUNCTION_EXISTS=xar_open  CMakeFiles/cmTC_cc94c.dir/CheckFunctionExists.c.o -o cmTC_cc94c  -lxar  -lm && :
/usr/bin/ld: cannot find -lxar: No such file or directory
collect2: error: ld returned 1 exit status
ninja: build stopped: subcommand failed.



Determining if the arc4random exist failed with the following output:
Change Dir: /home/ryan/Downloads/llvm-project/build/CMakeFiles/CMakeTmp

Run Build Command(s):/usr/bin/ninja cmTC_9dc43 && [1/2] Building C object CMakeFiles/cmTC_9dc43.dir/CheckSymbolExists.c.o
FAILED: CMakeFiles/cmTC_9dc43.dir/CheckSymbolExists.c.o 
/usr/bin/cc    -o CMakeFiles/cmTC_9dc43.dir/CheckSymbolExists.c.o -c /home/ryan/Downloads/llvm-project/build/CMakeFiles/CMakeTmp/CheckSymbolExists.c
/home/ryan/Downloads/llvm-project/build/CMakeFiles/CMakeTmp/CheckSymbolExists.c: In function ‘main’:
/home/ryan/Downloads/llvm-project/build/CMakeFiles/CMakeTmp/CheckSymbolExists.c:8:19: error: ‘arc4random’ undeclared (first use in this function); did you mean ‘srandom’?
    8 |   return ((int*)(&arc4random))[argc];
      |                   ^~~~~~~~~~
      |                   srandom
/home/ryan/Downloads/llvm-project/build/CMakeFiles/CMakeTmp/CheckSymbolExists.c:8:19: note: each undeclared identifier is reported only once for each function it appears in
ninja: build stopped: subcommand failed.


File /home/ryan/Downloads/llvm-project/build/CMakeFiles/CMakeTmp/CheckSymbolExists.c:
/* */
#include <stdlib.h>

int main(int argc, char** argv)
{
  (void)argv;
#ifndef arc4random
  return ((int*)(&arc4random))[argc];
#else
  (void)argc;
  return 0;
#endif
}
Performing C SOURCE FILE Test C_SUPPORTS_WERROR_UNGUARDED_AVAILABILITY_NEW failed with the following output:
Change Dir: /home/ryan/Downloads/llvm-project/build/CMakeFiles/CMakeTmp

Run Build Command(s):/usr/bin/ninja cmTC_39e42 && [1/2] Building C object CMakeFiles/cmTC_39e42.dir/src.c.o
FAILED: CMakeFiles/cmTC_39e42.dir/src.c.o 
/usr/bin/cc -DC_SUPPORTS_WERROR_UNGUARDED_AVAILABILITY_NEW  -Werror=unguarded-availability-new -o CMakeFiles/cmTC_39e42.dir/src.c.o -c /home/ryan/Downloads/llvm-project/build/CMakeFiles/CMakeTmp/src.c
cc1: error: '-Werror=unguarded-availability-new': no option '-Wunguarded-availability-new'
ninja: build stopped: subcommand failed.


Source file was:
int main(void) { return 0; }
Determining if the mallctl exist failed with the following output:
Change Dir: /home/ryan/Downloads/llvm-project/build/CMakeFiles/CMakeTmp

Run Build Command(s):/usr/bin/ninja cmTC_b2ce7 && [1/2] Building C object CMakeFiles/cmTC_b2ce7.dir/CheckSymbolExists.c.o
FAILED: CMakeFiles/cmTC_b2ce7.dir/CheckSymbolExists.c.o 
/usr/bin/cc    -o CMakeFiles/cmTC_b2ce7.dir/CheckSymbolExists.c.o -c /home/ryan/Downloads/llvm-project/build/CMakeFiles/CMakeTmp/CheckSymbolExists.c
/home/ryan/Downloads/llvm-project/build/CMakeFiles/CMakeTmp/CheckSymbolExists.c:2:10: fatal error: malloc_np.h: No such file or directory
    2 | #include <malloc_np.h>
      |          ^~~~~~~~~~~~~
compilation terminated.
ninja: build stopped: subcommand failed.


File /home/ryan/Downloads/llvm-project/build/CMakeFiles/CMakeTmp/CheckSymbolExists.c:
/* */
#include <malloc_np.h>

int main(int argc, char** argv)
{
  (void)argv;
#ifndef mallctl
  return ((int*)(&mallctl))[argc];
#else
  (void)argc;
  return 0;
#endif
}
Determining if the malloc_zone_statistics exist failed with the following output:
Change Dir: /home/ryan/Downloads/llvm-project/build/CMakeFiles/CMakeTmp

Run Build Command(s):/usr/bin/ninja cmTC_a6e0d && [1/2] Building C object CMakeFiles/cmTC_a6e0d.dir/CheckSymbolExists.c.o
FAILED: CMakeFiles/cmTC_a6e0d.dir/CheckSymbolExists.c.o 
/usr/bin/cc    -o CMakeFiles/cmTC_a6e0d.dir/CheckSymbolExists.c.o -c /home/ryan/Downloads/llvm-project/build/CMakeFiles/CMakeTmp/CheckSymbolExists.c
/home/ryan/Downloads/llvm-project/build/CMakeFiles/CMakeTmp/CheckSymbolExists.c:2:10: fatal error: malloc/malloc.h: No such file or directory
    2 | #include <malloc/malloc.h>
      |          ^~~~~~~~~~~~~~~~~
compilation terminated.
ninja: build stopped: subcommand failed.


File /home/ryan/Downloads/llvm-project/build/CMakeFiles/CMakeTmp/CheckSymbolExists.c:
/* */
#include <malloc/malloc.h>

int main(int argc, char** argv)
{
  (void)argv;
#ifndef malloc_zone_statistics
  return ((int*)(&malloc_zone_statistics))[argc];
#else
  (void)argc;
  return 0;
#endif
}
Determining if the strerror_s exist failed with the following output:
Change Dir: /home/ryan/Downloads/llvm-project/build/CMakeFiles/CMakeTmp

Run Build Command(s):/usr/bin/ninja cmTC_c6e34 && [1/2] Building C object CMakeFiles/cmTC_c6e34.dir/CheckSymbolExists.c.o
FAILED: CMakeFiles/cmTC_c6e34.dir/CheckSymbolExists.c.o 
/usr/bin/cc    -o CMakeFiles/cmTC_c6e34.dir/CheckSymbolExists.c.o -c /home/ryan/Downloads/llvm-project/build/CMakeFiles/CMakeTmp/CheckSymbolExists.c
/home/ryan/Downloads/llvm-project/build/CMakeFiles/CMakeTmp/CheckSymbolExists.c: In function ‘main’:
/home/ryan/Downloads/llvm-project/build/CMakeFiles/CMakeTmp/CheckSymbolExists.c:8:19: error: ‘strerror_s’ undeclared (first use in this function); did you mean ‘strerror_l’?
    8 |   return ((int*)(&strerror_s))[argc];
      |                   ^~~~~~~~~~
      |                   strerror_l
/home/ryan/Downloads/llvm-project/build/CMakeFiles/CMakeTmp/CheckSymbolExists.c:8:19: note: each undeclared identifier is reported only once for each function it appears in
ninja: build stopped: subcommand failed.


File /home/ryan/Downloads/llvm-project/build/CMakeFiles/CMakeTmp/CheckSymbolExists.c:
/* */
#include <string.h>

int main(int argc, char** argv)
{
  (void)argv;
#ifndef strerror_s
  return ((int*)(&strerror_s))[argc];
#else
  (void)argc;
  return 0;
#endif
}
Determining if the dladdr exist failed with the following output:
Change Dir: /home/ryan/Downloads/llvm-project/build/CMakeFiles/CMakeTmp

Run Build Command(s):/usr/bin/ninja cmTC_a511e && [1/2] Building C object CMakeFiles/cmTC_a511e.dir/CheckSymbolExists.c.o
FAILED: CMakeFiles/cmTC_a511e.dir/CheckSymbolExists.c.o 
/usr/bin/cc    -o CMakeFiles/cmTC_a511e.dir/CheckSymbolExists.c.o -c /home/ryan/Downloads/llvm-project/build/CMakeFiles/CMakeTmp/CheckSymbolExists.c
/home/ryan/Downloads/llvm-project/build/CMakeFiles/CMakeTmp/CheckSymbolExists.c: In function ‘main’:
/home/ryan/Downloads/llvm-project/build/CMakeFiles/CMakeTmp/CheckSymbolExists.c:8:19: error: ‘dladdr’ undeclared (first use in this function)
    8 |   return ((int*)(&dladdr))[argc];
      |                   ^~~~~~
/home/ryan/Downloads/llvm-project/build/CMakeFiles/CMakeTmp/CheckSymbolExists.c:8:19: note: each undeclared identifier is reported only once for each function it appears in
ninja: build stopped: subcommand failed.


File /home/ryan/Downloads/llvm-project/build/CMakeFiles/CMakeTmp/CheckSymbolExists.c:
/* */
#include <dlfcn.h>

int main(int argc, char** argv)
{
  (void)argv;
#ifndef dladdr
  return ((int*)(&dladdr))[argc];
#else
  (void)argc;
  return 0;
#endif
}
Performing C SOURCE FILE Test HAVE_STRUCT_STAT_ST_MTIMESPEC_TV_NSEC failed with the following output:
Change Dir: /home/ryan/Downloads/llvm-project/build/CMakeFiles/CMakeTmp

Run Build Command(s):/usr/bin/ninja cmTC_3a7f6 && [1/2] Building C object CMakeFiles/cmTC_3a7f6.dir/src.c.o
FAILED: CMakeFiles/cmTC_3a7f6.dir/src.c.o 
/usr/bin/cc -DHAVE_STRUCT_STAT_ST_MTIMESPEC_TV_NSEC   -o CMakeFiles/cmTC_3a7f6.dir/src.c.o -c /home/ryan/Downloads/llvm-project/build/CMakeFiles/CMakeTmp/src.c
/home/ryan/Downloads/llvm-project/build/CMakeFiles/CMakeTmp/src.c: In function ‘main’:
/home/ryan/Downloads/llvm-project/build/CMakeFiles/CMakeTmp/src.c:7:34: error: ‘struct stat’ has no member named ‘st_mtimespec’
    7 |   (void)sizeof(((struct stat *)0)->st_mtimespec.tv_nsec);
      |                                  ^~
ninja: build stopped: subcommand failed.


Source file was:

#include <sys/types.h>
#include <sys/stat.h>

int main()
{
  (void)sizeof(((struct stat *)0)->st_mtimespec.tv_nsec);
  return 0;
}

Performing C++ SOURCE FILE Test SUPPORTS_GNU_ZERO_VARIADIC_MACRO_ARGUMENTS_FLAG failed with the following output:
Change Dir: /home/ryan/Downloads/llvm-project/build/CMakeFiles/CMakeTmp

Run Build Command(s):/usr/bin/ninja cmTC_8a0aa && [1/2] Building CXX object CMakeFiles/cmTC_8a0aa.dir/src.cxx.o
FAILED: CMakeFiles/cmTC_8a0aa.dir/src.cxx.o 
/usr/bin/c++ -DSUPPORTS_GNU_ZERO_VARIADIC_MACRO_ARGUMENTS_FLAG  -Wgnu-zero-variadic-macro-arguments -o CMakeFiles/cmTC_8a0aa.dir/src.cxx.o -c /home/ryan/Downloads/llvm-project/build/CMakeFiles/CMakeTmp/src.cxx
c++: error: unrecognized command-line option '-Wgnu-zero-variadic-macro-arguments'
ninja: build stopped: subcommand failed.


Source file was:
int main() { return 0; }
Performing C++ SOURCE FILE Test CXX_SUPPORTS_WERROR_UNGUARDED_AVAILABILITY_NEW failed with the following output:
Change Dir: /home/ryan/Downloads/llvm-project/build/CMakeFiles/CMakeTmp

Run Build Command(s):/usr/bin/ninja cmTC_85d88 && [1/2] Building CXX object CMakeFiles/cmTC_85d88.dir/src.cxx.o
FAILED: CMakeFiles/cmTC_85d88.dir/src.cxx.o 
/usr/bin/c++ -DCXX_SUPPORTS_WERROR_UNGUARDED_AVAILABILITY_NEW  -fPIC -fvisibility-inlines-hidden -Werror=date-time    -Werror -Werror=unguarded-availability-new -o CMakeFiles/cmTC_85d88.dir/src.cxx.o -c /home/ryan/Downloads/llvm-project/build/CMakeFiles/CMakeTmp/src.cxx
cc1plus: error: '-Werror=unguarded-availability-new': no option '-Wunguarded-availability-new'
ninja: build stopped: subcommand failed.


Source file was:
int main() { return 0; }
Performing C SOURCE FILE Test C_SUPPORTS_COVERED_SWITCH_DEFAULT_FLAG failed with the following output:
Change Dir: /home/ryan/Downloads/llvm-project/build/CMakeFiles/CMakeTmp

Run Build Command(s):/usr/bin/ninja cmTC_c7766 && [1/2] Building C object CMakeFiles/cmTC_c7766.dir/src.c.o
FAILED: CMakeFiles/cmTC_c7766.dir/src.c.o 
/usr/bin/cc -DC_SUPPORTS_COVERED_SWITCH_DEFAULT_FLAG  -fPIC -Werror=date-time -Wall -Wextra -Wno-unused-parameter -Wwrite-strings -Wno-missing-field-initializers -pedantic -Wno-long-long -Wimplicit-fallthrough    -Werror -Wcovered-switch-default -o CMakeFiles/cmTC_c7766.dir/src.c.o -c /home/ryan/Downloads/llvm-project/build/CMakeFiles/CMakeTmp/src.c
cc: error: unrecognized command-line option '-Wcovered-switch-default'; did you mean '-Wno-switch-default'?
ninja: build stopped: subcommand failed.


Source file was:
int main(void) { return 0; }
Performing C++ SOURCE FILE Test CXX_SUPPORTS_COVERED_SWITCH_DEFAULT_FLAG failed with the following output:
Change Dir: /home/ryan/Downloads/llvm-project/build/CMakeFiles/CMakeTmp

Run Build Command(s):/usr/bin/ninja cmTC_5fb23 && [1/2] Building CXX object CMakeFiles/cmTC_5fb23.dir/src.cxx.o
FAILED: CMakeFiles/cmTC_5fb23.dir/src.cxx.o 
/usr/bin/c++ -DCXX_SUPPORTS_COVERED_SWITCH_DEFAULT_FLAG  -fPIC -fvisibility-inlines-hidden -Werror=date-time -std=c++11 -Wall -Wextra -Wno-unused-parameter -Wwrite-strings -Wcast-qual -Wno-missing-field-initializers -pedantic -Wno-long-long -Wimplicit-fallthrough    -Werror -Wcovered-switch-default -o CMakeFiles/cmTC_5fb23.dir/src.cxx.o -c /home/ryan/Downloads/llvm-project/build/CMakeFiles/CMakeTmp/src.cxx
c++: error: unrecognized command-line option '-Wcovered-switch-default'; did you mean '-Wno-switch-default'?
ninja: build stopped: subcommand failed.


Source file was:
int main() { return 0; }
Performing C SOURCE FILE Test C_SUPPORTS_DELETE_NON_VIRTUAL_DTOR_FLAG failed with the following output:
Change Dir: /home/ryan/Downloads/llvm-project/build/CMakeFiles/CMakeTmp

Run Build Command(s):/usr/bin/ninja cmTC_66831 && [1/2] Building C object CMakeFiles/cmTC_66831.dir/src.c.o
FAILED: CMakeFiles/cmTC_66831.dir/src.c.o 
/usr/bin/cc -DC_SUPPORTS_DELETE_NON_VIRTUAL_DTOR_FLAG  -fPIC -Werror=date-time -Wall -Wextra -Wno-unused-parameter -Wwrite-strings -Wno-missing-field-initializers -pedantic -Wno-long-long -Wimplicit-fallthrough    -Werror -Wdelete-non-virtual-dtor -o CMakeFiles/cmTC_66831.dir/src.c.o -c /home/ryan/Downloads/llvm-project/build/CMakeFiles/CMakeTmp/src.c
cc1: error: command-line option '-Wdelete-non-virtual-dtor' is valid for C++/ObjC++ but not for C [-Werror]
cc1: all warnings being treated as errors
ninja: build stopped: subcommand failed.


Source file was:
int main(void) { return 0; }
Performing C SOURCE FILE Test C_WCOMMENT_ALLOWS_LINE_WRAP failed with the following output:
Change Dir: /home/ryan/Downloads/llvm-project/build/CMakeFiles/CMakeTmp

Run Build Command(s):/usr/bin/ninja cmTC_05903 && [1/2] Building C object CMakeFiles/cmTC_05903.dir/src.c.o
FAILED: CMakeFiles/cmTC_05903.dir/src.c.o 
/usr/bin/cc -DC_WCOMMENT_ALLOWS_LINE_WRAP -D_GNU_SOURCE  -fPIC -Werror=date-time -Wall -Wextra -Wno-unused-parameter -Wwrite-strings -Wno-missing-field-initializers -pedantic -Wno-long-long -Wimplicit-fallthrough  -Werror -Wcomment -o CMakeFiles/cmTC_05903.dir/src.c.o -c /home/ryan/Downloads/llvm-project/build/CMakeFiles/CMakeTmp/src.c
/home/ryan/Downloads/llvm-project/build/CMakeFiles/CMakeTmp/src.c:1:1: error: multi-line comment [-Werror=comment]
    1 | // \
      | ^
cc1: all warnings being treated as errors
ninja: build stopped: subcommand failed.


Source file was:
// \
//
int main() {return 0;}
Performing C SOURCE FILE Test C_SUPPORTS_STRING_CONVERSION_FLAG failed with the following output:
Change Dir: /home/ryan/Downloads/llvm-project/build/CMakeFiles/CMakeTmp

Run Build Command(s):/usr/bin/ninja cmTC_6dc36 && [1/2] Building C object CMakeFiles/cmTC_6dc36.dir/src.c.o
FAILED: CMakeFiles/cmTC_6dc36.dir/src.c.o 
/usr/bin/cc -DC_SUPPORTS_STRING_CONVERSION_FLAG  -fPIC -Werror=date-time -Wall -Wextra -Wno-unused-parameter -Wwrite-strings -Wno-missing-field-initializers -pedantic -Wno-long-long -Wimplicit-fallthrough -Wno-comment    -Werror -Wstring-conversion -o CMakeFiles/cmTC_6dc36.dir/src.c.o -c /home/ryan/Downloads/llvm-project/build/CMakeFiles/CMakeTmp/src.c
cc: error: unrecognized command-line option '-Wstring-conversion'; did you mean '-Wsign-conversion'?
ninja: build stopped: subcommand failed.


Source file was:
int main(void) { return 0; }
Performing C++ SOURCE FILE Test CXX_SUPPORTS_STRING_CONVERSION_FLAG failed with the following output:
Change Dir: /home/ryan/Downloads/llvm-project/build/CMakeFiles/CMakeTmp

Run Build Command(s):/usr/bin/ninja cmTC_6a0cb && [1/2] Building CXX object CMakeFiles/cmTC_6a0cb.dir/src.cxx.o
FAILED: CMakeFiles/cmTC_6a0cb.dir/src.cxx.o 
/usr/bin/c++ -DCXX_SUPPORTS_STRING_CONVERSION_FLAG  -fPIC -fvisibility-inlines-hidden -Werror=date-time -std=c++11 -Wall -Wextra -Wno-unused-parameter -Wwrite-strings -Wcast-qual -Wno-missing-field-initializers -pedantic -Wno-long-long -Wimplicit-fallthrough -Wno-maybe-uninitialized -Wno-class-memaccess -Wno-noexcept-type -Wdelete-non-virtual-dtor -Wno-comment    -Werror -Wstring-conversion -o CMakeFiles/cmTC_6a0cb.dir/src.cxx.o -c /home/ryan/Downloads/llvm-project/build/CMakeFiles/CMakeTmp/src.cxx
c++: error: unrecognized command-line option '-Wstring-conversion'; did you mean '-Wsign-conversion'?
ninja: build stopped: subcommand failed.


Source file was:
int main() { return 0; }
Performing C++ SOURCE FILE Test LINKER_SUPPORTS_COLOR_DIAGNOSTICS failed with the following output:
Change Dir: /home/ryan/Downloads/llvm-project/build/CMakeFiles/CMakeTmp

Run Build Command(s):/usr/bin/ninja cmTC_9a0d8 && [1/2] Building CXX object CMakeFiles/cmTC_9a0d8.dir/src.cxx.o
[2/2] Linking CXX executable cmTC_9a0d8
FAILED: cmTC_9a0d8 
: && /usr/bin/c++ -fPIC -fvisibility-inlines-hidden -Werror=date-time -std=c++11 -Wall -Wextra -Wno-unused-parameter -Wwrite-strings -Wcast-qual -Wno-missing-field-initializers -pedantic -Wno-long-long -Wimplicit-fallthrough -Wno-maybe-uninitialized -Wno-class-memaccess -Wno-noexcept-type -Wdelete-non-virtual-dtor -Wno-comment -fdiagnostics-color -Wl,--color-diagnostics CMakeFiles/cmTC_9a0d8.dir/src.cxx.o -o cmTC_9a0d8  -lm && :
/usr/bin/ld: unrecognized option '--color-diagnostics'
/usr/bin/ld: use the --help option for usage information
collect2: error: ld returned 1 exit status
ninja: build stopped: subcommand failed.


Source file was:
int main() { return 0; }
Determining if the os_signpost_interval_begin exist failed with the following output:
Change Dir: /home/ryan/Downloads/llvm-project/build/CMakeFiles/CMakeTmp

Run Build Command(s):/usr/bin/ninja cmTC_7f854 && [1/2] Building C object CMakeFiles/cmTC_7f854.dir/CheckSymbolExists.c.o
FAILED: CMakeFiles/cmTC_7f854.dir/CheckSymbolExists.c.o 
/usr/bin/cc -D_GNU_SOURCE  -fPIC -Wall -Wextra -Wno-unused-parameter -Wwrite-strings -Wno-missing-field-initializers -pedantic -Wno-long-long -Wimplicit-fallthrough -Wno-comment -fdiagnostics-color -ffunction-sections -fdata-sections -o CMakeFiles/cmTC_7f854.dir/CheckSymbolExists.c.o -c /home/ryan/Downloads/llvm-project/build/CMakeFiles/CMakeTmp/CheckSymbolExists.c
/home/ryan/Downloads/llvm-project/build/CMakeFiles/CMakeTmp/CheckSymbolExists.c:2:10: fatal error: os/signpost.h: No such file or directory
    2 | #include <os/signpost.h>
      |          ^~~~~~~~~~~~~~~
compilation terminated.
ninja: build stopped: subcommand failed.


File /home/ryan/Downloads/llvm-project/build/CMakeFiles/CMakeTmp/CheckSymbolExists.c:
/* */
#include <os/signpost.h>

int main(int argc, char** argv)
{
  (void)argv;
#ifndef os_signpost_interval_begin
  return ((int*)(&os_signpost_interval_begin))[argc];
#else
  (void)argc;
  return 0;
#endif
}
Performing C++ SOURCE FILE Test HAVE_CXX_FLAG_WSHORTEN_64_TO_32 failed with the following output:
Change Dir: /home/ryan/Downloads/llvm-project/build/CMakeFiles/CMakeTmp

Run Build Command(s):/usr/bin/ninja cmTC_1cd3c && [1/2] Building CXX object CMakeFiles/cmTC_1cd3c.dir/src.cxx.o
FAILED: CMakeFiles/cmTC_1cd3c.dir/src.cxx.o 
/usr/bin/c++ -DHAVE_CXX_FLAG_WSHORTEN_64_TO_32  -fPIC -fvisibility-inlines-hidden -Werror=date-time -std=c++11 -Wall -Wextra -Wno-unused-parameter -Wwrite-strings -Wcast-qual -Wno-missing-field-initializers -pedantic -Wno-long-long -Wimplicit-fallthrough -Wno-maybe-uninitialized -Wno-class-memaccess -Wno-noexcept-type -Wdelete-non-virtual-dtor -Wno-comment -fdiagnostics-color -ffunction-sections -fdata-sections  -std=c++11  -Wall  -Wextra  -Wshadow  -pedantic  -pedantic-errors  -Wshorten-64-to-32   -Wshorten-64-to-32 -o CMakeFiles/cmTC_1cd3c.dir/src.cxx.o -c /home/ryan/Downloads/llvm-project/build/CMakeFiles/CMakeTmp/src.cxx
c++: error: unrecognized command-line option '-Wshorten-64-to-32'
c++: error: unrecognized command-line option '-Wshorten-64-to-32'
ninja: build stopped: subcommand failed.


Source file was:
int main() { return 0; }
Performing C++ SOURCE FILE Test HAVE_CXX_FLAG_WD654 failed with the following output:
Change Dir: /home/ryan/Downloads/llvm-project/build/CMakeFiles/CMakeTmp

Run Build Command(s):/usr/bin/ninja cmTC_9f2f7 && [1/2] Building CXX object CMakeFiles/cmTC_9f2f7.dir/src.cxx.o
FAILED: CMakeFiles/cmTC_9f2f7.dir/src.cxx.o 
/usr/bin/c++ -DHAVE_CXX_FLAG_WD654  -fPIC -fvisibility-inlines-hidden -Werror=date-time -std=c++11 -Wall -Wextra -Wno-unused-parameter -Wwrite-strings -Wcast-qual -Wno-missing-field-initializers -pedantic -Wno-long-long -Wimplicit-fallthrough -Wno-maybe-uninitialized -Wno-class-memaccess -Wno-noexcept-type -Wdelete-non-virtual-dtor -Wno-comment -fdiagnostics-color -ffunction-sections -fdata-sections  -std=c++11  -Wall  -Wextra  -Wshadow  -pedantic  -pedantic-errors  -Wfloat-equal  -fstrict-aliasing  -fno-exceptions  -Wstrict-aliasing  -wd654   -wd654 -o CMakeFiles/cmTC_9f2f7.dir/src.cxx.o -c /home/ryan/Downloads/llvm-project/build/CMakeFiles/CMakeTmp/src.cxx
c++: error: unrecognized command-line option '-wd654'
c++: error: unrecognized command-line option '-wd654'
ninja: build stopped: subcommand failed.


Source file was:
int main() { return 0; }
Performing C++ SOURCE FILE Test HAVE_CXX_FLAG_WTHREAD_SAFETY failed with the following output:
Change Dir: /home/ryan/Downloads/llvm-project/build/CMakeFiles/CMakeTmp

Run Build Command(s):/usr/bin/ninja cmTC_854c6 && [1/2] Building CXX object CMakeFiles/cmTC_854c6.dir/src.cxx.o
FAILED: CMakeFiles/cmTC_854c6.dir/src.cxx.o 
/usr/bin/c++ -DHAVE_CXX_FLAG_WTHREAD_SAFETY  -fPIC -fvisibility-inlines-hidden -Werror=date-time -std=c++11 -Wall -Wextra -Wno-unused-parameter -Wwrite-strings -Wcast-qual -Wno-missing-field-initializers -pedantic -Wno-long-long -Wimplicit-fallthrough -Wno-maybe-uninitialized -Wno-class-memaccess -Wno-noexcept-type -Wdelete-non-virtual-dtor -Wno-comment -fdiagnostics-color -ffunction-sections -fdata-sections  -std=c++11  -Wall  -Wextra  -Wshadow  -pedantic  -pedantic-errors  -Wfloat-equal  -fstrict-aliasing  -fno-exceptions  -Wstrict-aliasing  -Wthread-safety   -Wthread-safety -o CMakeFiles/cmTC_854c6.dir/src.cxx.o -c /home/ryan/Downloads/llvm-project/build/CMakeFiles/CMakeTmp/src.cxx
c++: error: unrecognized command-line option '-Wthread-safety'
c++: error: unrecognized command-line option '-Wthread-safety'
ninja: build stopped: subcommand failed.


Source file was:
int main() { return 0; }
